e:\samuel\psd_measurement\gui_psd\x64\debug\vc142.pdb
e:\samuel\psd_measurement\gui_psd\x64\debug\vc142.idb
e:\samuel\psd_measurement\gui_psd\x64\debug\qrc_gui_psd.obj
e:\samuel\psd_measurement\gui_psd\x64\debug\qcustomplot.obj
e:\samuel\psd_measurement\gui_psd\x64\debug\main.obj
e:\samuel\psd_measurement\gui_psd\x64\debug\gui_psd.obj
e:\samuel\psd_measurement\gui_psd\x64\debug\moc_gui_psd.obj
e:\samuel\psd_measurement\gui_psd\x64\debug\moc_qcustomplot.obj
e:\samuel\psd_measurement\gui_psd\x64\debug\uic\ui_gui_psd.h
e:\samuel\psd_measurement\gui_psd\x64\debug\rcc\qrc_gui_psd.cpp
e:\samuel\psd_measurement\gui_psd\x64\debug\moc\moc_gui_psd.cpp
e:\samuel\psd_measurement\gui_psd\x64\debug\moc\moc_qcustomplot.cpp
e:\samuel\psd_measurement\x64\guidebug\gui_psd.exe
e:\samuel\psd_measurement\gui_psd\x64\debug\gui_psd.ilk
e:\samuel\psd_measurement\x64\guidebug\gui_psd.pdb
e:\samuel\psd_measurement\gui_psd\x64\debug\gui_psd.tlog\cl.command.1.tlog
e:\samuel\psd_measurement\gui_psd\x64\debug\gui_psd.tlog\cl.read.1.tlog
e:\samuel\psd_measurement\gui_psd\x64\debug\gui_psd.tlog\cl.write.1.tlog
e:\samuel\psd_measurement\gui_psd\x64\debug\gui_psd.tlog\gui_psd.write.1u.tlog
e:\samuel\psd_measurement\gui_psd\x64\debug\gui_psd.tlog\link.command.1.tlog
e:\samuel\psd_measurement\gui_psd\x64\debug\gui_psd.tlog\link.read.1.tlog
e:\samuel\psd_measurement\gui_psd\x64\debug\gui_psd.tlog\link.write.1.tlog
e:\samuel\psd_measurement\gui_psd\x64\debug\gui_psd.tlog\moc.read.1u.tlog
e:\samuel\psd_measurement\gui_psd\x64\debug\gui_psd.tlog\moc.write.1u.tlog
e:\samuel\psd_measurement\gui_psd\x64\debug\gui_psd.tlog\rcc.read.1u.tlog
e:\samuel\psd_measurement\gui_psd\x64\debug\gui_psd.tlog\rcc.write.1u.tlog
e:\samuel\psd_measurement\gui_psd\x64\debug\gui_psd.tlog\uic.read.1u.tlog
e:\samuel\psd_measurement\gui_psd\x64\debug\gui_psd.tlog\uic.write.1u.tlog
